2025-10-15 17:57:16 Starting epcheck testbench v1.0
2025-10-15 17:57:16 Results will be saved to: /Users/henry/.local/bin/testbench/v1.0/results
2025-10-15 17:57:16 Log file: /Users/henry/.local/bin/testbench/v1.0/results/test-run-20251015-175716.log
2025-10-15 17:57:16 =========================================
2025-10-15 17:57:16 ğŸ” Discovering test cases...
2025-10-15 17:57:16 ğŸ“‹ Found 5 test cases
2025-10-15 17:57:16 
2025-10-15 17:57:16 ğŸ§ª Running test: test-basic
2025-10-15 17:57:16 ğŸ“ Test directory: /Users/henry/.local/bin/testbench/v1.0/test-basic
2025-10-15 17:57:16 ğŸš€ Executing: /Users/henry/.local/bin/testbench/v1.0/../../epcheck -d src --no-colors 
2025-10-15 17:57:18 â±ï¸  Execution time: 2.00s
2025-10-15 17:57:18 ğŸ” Validating table output...
2025-10-15 17:57:18 âŒ table output validation failed
2025-10-15 17:57:18 Differences found. Run: diff '/Users/henry/.local/bin/testbench/v1.0/test-basic/expected-table.txt.normalized' '/Users/henry/.local/bin/testbench/v1.0/results/test-basic-output.txt.normalized'
2025-10-15 17:57:18 âŒ Test test-basic FAILED
2025-10-15 17:57:18 
2025-10-15 17:57:18 ğŸ§ª Running test: test-complex
2025-10-15 17:57:18 ğŸ“ Test directory: /Users/henry/.local/bin/testbench/v1.0/test-complex
2025-10-15 17:57:18 ğŸš€ Executing: /Users/henry/.local/bin/testbench/v1.0/../../epcheck -s openapi.yaml -d src --no-colors 
2025-10-15 17:57:20 â±ï¸  Execution time: 2.00s
2025-10-15 17:57:20 âœ… Test test-complex PASSED
2025-10-15 17:57:20 
2025-10-15 17:57:20 ğŸ§ª Running test: test-edge-cases
2025-10-15 17:57:20 ğŸ“ Test directory: /Users/henry/.local/bin/testbench/v1.0/test-edge-cases
2025-10-15 17:57:20 ğŸš€ Executing: /Users/henry/.local/bin/testbench/v1.0/../../epcheck -s no-usage-spec.json -d src --no-colors 
2025-10-15 17:57:22 â±ï¸  Execution time: 2.00s
2025-10-15 17:57:22 âœ… Test test-edge-cases PASSED
2025-10-15 17:57:22 
2025-10-15 17:57:22 ğŸ§ª Running test: test-options
2025-10-15 17:57:22 ğŸ“ Test directory: /Users/henry/.local/bin/testbench/v1.0/test-options
2025-10-15 17:57:22 ğŸš€ Executing: /Users/henry/.local/bin/testbench/v1.0/../../epcheck -s openapi.json -d src --unused-only --no-colors 
2025-10-15 17:57:24 â±ï¸  Execution time: 2.00s
2025-10-15 17:57:24 ğŸ” Validating table output...
2025-10-15 17:57:24 âŒ table output validation failed
2025-10-15 17:57:24 Differences found. Run: diff '/Users/henry/.local/bin/testbench/v1.0/test-options/expected-table.txt.normalized' '/Users/henry/.local/bin/testbench/v1.0/results/test-options-output.txt.normalized'
2025-10-15 17:57:24 âŒ Test test-options FAILED
2025-10-15 17:57:24 
2025-10-15 17:57:24 ğŸ§ª Running test: test-performance
2025-10-15 17:57:24 ğŸ“ Test directory: /Users/henry/.local/bin/testbench/v1.0/test-performance
2025-10-15 17:57:24 ğŸš€ Executing: /Users/henry/.local/bin/testbench/v1.0/../../epcheck -s large-spec.json -d src --no-colors 
2025-10-15 17:57:27 â±ï¸  Execution time: 3.00s
2025-10-15 17:57:27 âœ… Test test-performance PASSED
2025-10-15 17:57:27 
2025-10-15 17:57:27 =========================================
2025-10-15 17:57:27 ğŸ“Š TEST SUMMARY
2025-10-15 17:57:27 =========================================
2025-10-15 17:57:27 Total tests: 5
2025-10-15 17:57:27 âœ… Passed: 3
2025-10-15 17:57:27 âŒ Failed: 2
2025-10-15 17:57:27 âš ï¸  Skipped: 0
2025-10-15 17:57:27 ğŸ“ˆ Pass rate: 60%
2025-10-15 17:57:27 
2025-10-15 17:57:27 â±ï¸  PERFORMANCE SUMMARY
2025-10-15 17:57:27 =========================================
2025-10-15 17:57:27   test-basic: 2.00s
2025-10-15 17:57:27   test-complex: 2.00s
2025-10-15 17:57:27   test-edge-cases: 2.00s
2025-10-15 17:57:27   test-options: 2.00s
2025-10-15 17:57:27   test-performance: 3.00s
2025-10-15 17:57:27 ğŸ“„ Summary saved to: /Users/henry/.local/bin/testbench/v1.0/results/summary.txt
2025-10-15 17:57:27 âŒ Some tests failed. Check the log file for details.
