2025-10-15 17:57:16 Starting epcheck testbench v1.0
2025-10-15 17:57:16 Results will be saved to: /Users/henry/.local/bin/testbench/v1.0/results
2025-10-15 17:57:16 Log file: /Users/henry/.local/bin/testbench/v1.0/results/test-run-20251015-175716.log
2025-10-15 17:57:16 =========================================
2025-10-15 17:57:16 🔍 Discovering test cases...
2025-10-15 17:57:16 📋 Found 5 test cases
2025-10-15 17:57:16 
2025-10-15 17:57:16 🧪 Running test: test-basic
2025-10-15 17:57:16 📁 Test directory: /Users/henry/.local/bin/testbench/v1.0/test-basic
2025-10-15 17:57:16 🚀 Executing: /Users/henry/.local/bin/testbench/v1.0/../../epcheck -d src --no-colors 
2025-10-15 17:57:18 ⏱️  Execution time: 2.00s
2025-10-15 17:57:18 🔍 Validating table output...
2025-10-15 17:57:18 ❌ table output validation failed
2025-10-15 17:57:18 Differences found. Run: diff '/Users/henry/.local/bin/testbench/v1.0/test-basic/expected-table.txt.normalized' '/Users/henry/.local/bin/testbench/v1.0/results/test-basic-output.txt.normalized'
2025-10-15 17:57:18 ❌ Test test-basic FAILED
2025-10-15 17:57:18 
2025-10-15 17:57:18 🧪 Running test: test-complex
2025-10-15 17:57:18 📁 Test directory: /Users/henry/.local/bin/testbench/v1.0/test-complex
2025-10-15 17:57:18 🚀 Executing: /Users/henry/.local/bin/testbench/v1.0/../../epcheck -s openapi.yaml -d src --no-colors 
2025-10-15 17:57:20 ⏱️  Execution time: 2.00s
2025-10-15 17:57:20 ✅ Test test-complex PASSED
2025-10-15 17:57:20 
2025-10-15 17:57:20 🧪 Running test: test-edge-cases
2025-10-15 17:57:20 📁 Test directory: /Users/henry/.local/bin/testbench/v1.0/test-edge-cases
2025-10-15 17:57:20 🚀 Executing: /Users/henry/.local/bin/testbench/v1.0/../../epcheck -s no-usage-spec.json -d src --no-colors 
2025-10-15 17:57:22 ⏱️  Execution time: 2.00s
2025-10-15 17:57:22 ✅ Test test-edge-cases PASSED
2025-10-15 17:57:22 
2025-10-15 17:57:22 🧪 Running test: test-options
2025-10-15 17:57:22 📁 Test directory: /Users/henry/.local/bin/testbench/v1.0/test-options
2025-10-15 17:57:22 🚀 Executing: /Users/henry/.local/bin/testbench/v1.0/../../epcheck -s openapi.json -d src --unused-only --no-colors 
2025-10-15 17:57:24 ⏱️  Execution time: 2.00s
2025-10-15 17:57:24 🔍 Validating table output...
2025-10-15 17:57:24 ❌ table output validation failed
2025-10-15 17:57:24 Differences found. Run: diff '/Users/henry/.local/bin/testbench/v1.0/test-options/expected-table.txt.normalized' '/Users/henry/.local/bin/testbench/v1.0/results/test-options-output.txt.normalized'
2025-10-15 17:57:24 ❌ Test test-options FAILED
2025-10-15 17:57:24 
2025-10-15 17:57:24 🧪 Running test: test-performance
2025-10-15 17:57:24 📁 Test directory: /Users/henry/.local/bin/testbench/v1.0/test-performance
2025-10-15 17:57:24 🚀 Executing: /Users/henry/.local/bin/testbench/v1.0/../../epcheck -s large-spec.json -d src --no-colors 
2025-10-15 17:57:27 ⏱️  Execution time: 3.00s
2025-10-15 17:57:27 ✅ Test test-performance PASSED
2025-10-15 17:57:27 
2025-10-15 17:57:27 =========================================
2025-10-15 17:57:27 📊 TEST SUMMARY
2025-10-15 17:57:27 =========================================
2025-10-15 17:57:27 Total tests: 5
2025-10-15 17:57:27 ✅ Passed: 3
2025-10-15 17:57:27 ❌ Failed: 2
2025-10-15 17:57:27 ⚠️  Skipped: 0
2025-10-15 17:57:27 📈 Pass rate: 60%
2025-10-15 17:57:27 
2025-10-15 17:57:27 ⏱️  PERFORMANCE SUMMARY
2025-10-15 17:57:27 =========================================
2025-10-15 17:57:27   test-basic: 2.00s
2025-10-15 17:57:27   test-complex: 2.00s
2025-10-15 17:57:27   test-edge-cases: 2.00s
2025-10-15 17:57:27   test-options: 2.00s
2025-10-15 17:57:27   test-performance: 3.00s
2025-10-15 17:57:27 📄 Summary saved to: /Users/henry/.local/bin/testbench/v1.0/results/summary.txt
2025-10-15 17:57:27 ❌ Some tests failed. Check the log file for details.
