2025-10-15 17:56:39 Starting epcheck testbench v1.0
2025-10-15 17:56:39 Results will be saved to: /Users/henry/.local/bin/testbench/v1.0/results
2025-10-15 17:56:39 Log file: /Users/henry/.local/bin/testbench/v1.0/results/test-run-20251015-175639.log
2025-10-15 17:56:39 =========================================
2025-10-15 17:56:39 ğŸ” Discovering test cases...
2025-10-15 17:56:39 ğŸ“‹ Found 5 test cases
2025-10-15 17:56:39 
2025-10-15 17:56:39 ğŸ§ª Running test: test-basic
2025-10-15 17:56:39 ğŸ“ Test directory: /Users/henry/.local/bin/testbench/v1.0/test-basic
2025-10-15 17:56:39 ğŸš€ Executing: /Users/henry/.local/bin/testbench/v1.0/../../epcheck -d src --no-colors 
2025-10-15 17:56:41 â±ï¸  Execution time: 2.00s
2025-10-15 17:56:41 ğŸ” Validating table output...
2025-10-15 17:56:41 âŒ table output validation failed
2025-10-15 17:56:41 Differences found. Run: diff '/Users/henry/.local/bin/testbench/v1.0/test-basic/expected-table.txt.normalized' '/Users/henry/.local/bin/testbench/v1.0/results/test-basic-output.txt.normalized'
2025-10-15 17:56:41 âŒ Test test-basic FAILED
2025-10-15 17:56:41 
2025-10-15 17:56:41 ğŸ§ª Running test: test-complex
2025-10-15 17:56:41 ğŸ“ Test directory: /Users/henry/.local/bin/testbench/v1.0/test-complex
2025-10-15 17:56:41 ğŸš€ Executing: /Users/henry/.local/bin/testbench/v1.0/../../epcheck -s openapi.yaml -d src --no-colors 
2025-10-15 17:56:43 â±ï¸  Execution time: 2.00s
2025-10-15 17:56:43 âœ… Test test-complex PASSED
2025-10-15 17:56:43 
2025-10-15 17:56:43 ğŸ§ª Running test: test-edge-cases
2025-10-15 17:56:43 ğŸ“ Test directory: /Users/henry/.local/bin/testbench/v1.0/test-edge-cases
2025-10-15 17:56:43 ğŸš€ Executing: /Users/henry/.local/bin/testbench/v1.0/../../epcheck -s no-usage-spec.json -d src --no-colors 
2025-10-15 17:56:45 â±ï¸  Execution time: 2.00s
2025-10-15 17:56:45 âœ… Test test-edge-cases PASSED
2025-10-15 17:56:45 
2025-10-15 17:56:45 ğŸ§ª Running test: test-options
2025-10-15 17:56:45 ğŸ“ Test directory: /Users/henry/.local/bin/testbench/v1.0/test-options
2025-10-15 17:56:45 ğŸš€ Executing: /Users/henry/.local/bin/testbench/v1.0/../../epcheck -s openapi.json -d src --unused-only --no-colors 
2025-10-15 17:56:47 â±ï¸  Execution time: 2.00s
2025-10-15 17:56:47 ğŸ” Validating table output...
2025-10-15 17:56:47 âŒ table output validation failed
2025-10-15 17:56:47 Differences found. Run: diff '/Users/henry/.local/bin/testbench/v1.0/test-options/expected-table.txt.normalized' '/Users/henry/.local/bin/testbench/v1.0/results/test-options-output.txt.normalized'
2025-10-15 17:56:47 âŒ Test test-options FAILED
2025-10-15 17:56:47 
2025-10-15 17:56:47 ğŸ§ª Running test: test-performance
2025-10-15 17:56:47 ğŸ“ Test directory: /Users/henry/.local/bin/testbench/v1.0/test-performance
2025-10-15 17:56:47 ğŸš€ Executing: /Users/henry/.local/bin/testbench/v1.0/../../epcheck -s large-spec.json -d src --no-colors 
2025-10-15 17:56:50 â±ï¸  Execution time: 3.00s
2025-10-15 17:56:50 âœ… Test test-performance PASSED
2025-10-15 17:56:50 
2025-10-15 17:56:50 =========================================
2025-10-15 17:56:50 ğŸ“Š TEST SUMMARY
2025-10-15 17:56:50 =========================================
2025-10-15 17:56:50 Total tests: 5
2025-10-15 17:56:50 âœ… Passed: 3
2025-10-15 17:56:50 âŒ Failed: 2
2025-10-15 17:56:50 âš ï¸  Skipped: 0
2025-10-15 17:56:50 ğŸ“ˆ Pass rate: 60%
2025-10-15 17:56:50 
2025-10-15 17:56:50 â±ï¸  PERFORMANCE SUMMARY
2025-10-15 17:56:50 =========================================
2025-10-15 17:56:50   test-basic: 2.00s
2025-10-15 17:56:50   test-complex: 2.00s
2025-10-15 17:56:50   test-edge-cases: 2.00s
2025-10-15 17:56:50   test-options: 2.00s
2025-10-15 17:56:50   test-performance: 3.00s
2025-10-15 17:56:50 ğŸ“„ Summary saved to: /Users/henry/.local/bin/testbench/v1.0/results/summary.txt
2025-10-15 17:56:50 âŒ Some tests failed. Check the log file for details.
